1
1
1
1
Bot name:	my_wellness_bot
Bot username:	my_wellness_bot
No encoding supplied: defaulting to UTF-8.
{"ok":true,"result":{"id":366733950,"first_name":"my_wellness_bot","username":"my_wellness_bot"}}
1
Bot name:	my_wellness_bot
Bot username:	my_wellness_bot
No encoding supplied: defaulting to UTF-8.
{"ok":true,"result":{"id":366733950,"first_name":"my_wellness_bot","username":"my_wellness_bot"}}
1
Bot name:	my_wellness_bot
Bot username:	my_wellness_bot
No encoding supplied: defaulting to UTF-8.
{"ok":true,"result":{"id":366733950,"first_name":"my_wellness_bot","username":"my_wellness_bot"}}
1
Bot name:	my_wellness_bot
Bot username:	my_wellness_bot
No encoding supplied: defaulting to UTF-8.
{"ok":true,"result":{"id":366733950,"first_name":"my_wellness_bot","username":"my_wellness_bot"}}
1
Bot name:	my_wellness_bot
Bot username:	my_wellness_bot
No encoding supplied: defaulting to UTF-8.
{"ok":true,"result":{"id":366733950,"first_name":"my_wellness_bot","username":"my_wellness_bot"}}
1
Bot name:	my_wellness_bot
Bot username:	my_wellness_bot
No encoding supplied: defaulting to UTF-8.
{"ok":true,"result":{"id":366733950,"first_name":"my_wellness_bot","username":"my_wellness_bot"}}
1
Bot name:	my_wellness_bot
Bot username:	my_wellness_bot
No encoding supplied: defaulting to UTF-8.
{"ok":true,"result":{"id":366733950,"first_name":"my_wellness_bot","username":"my_wellness_bot"}}
1
Bot name:	my_wellness_bot
Bot username:	my_wellness_bot
No encoding supplied: defaulting to UTF-8.
{"ok":true,"result":{"id":366733950,"first_name":"my_wellness_bot","username":"my_wellness_bot"}}
1
Bot name:	my_wellness_bot
Bot username:	my_wellness_bot
No encoding supplied: defaulting to UTF-8.
{"ok":true,"result":{"id":366733950,"first_name":"my_wellness_bot","username":"my_wellness_bot"}}
1
Bot name:	my_wellness_bot
Bot username:	my_wellness_bot
No encoding supplied: defaulting to UTF-8.
{"ok":true,"result":{"id":366733950,"first_name":"my_wellness_bot","username":"my_wellness_bot"}}
1
Bot name:	my_wellness_bot
Bot username:	my_wellness_bot
No encoding supplied: defaulting to UTF-8.
{"ok":true,"result":{"id":366733950,"first_name":"my_wellness_bot","username":"my_wellness_bot"}}
1
Bot name:	my_wellness_bot
Bot username:	my_wellness_bot
No encoding supplied: defaulting to UTF-8.
{"ok":true,"result":{"id":366733950,"first_name":"my_wellness_bot","username":"my_wellness_bot"}}
1
Bot name:	my_wellness_bot
Bot username:	my_wellness_bot
No encoding supplied: defaulting to UTF-8.
{"ok":true,"result":{"id":366733950,"first_name":"my_wellness_bot","username":"my_wellness_bot"}}
1
Bot name:	my_wellness_bot
Bot username:	my_wellness_bot
No encoding supplied: defaulting to UTF-8.
{"ok":true,"result":{"id":366733950,"first_name":"my_wellness_bot","username":"my_wellness_bot"}}
1
Bot name:	my_wellness_bot
Bot username:	my_wellness_bot
No encoding supplied: defaulting to UTF-8.
{"ok":true,"result":{"id":366733950,"first_name":"my_wellness_bot","username":"my_wellness_bot"}}
1
Bot name:	my_wellness_bot
Bot username:	my_wellness_bot
No encoding supplied: defaulting to UTF-8.
{"ok":true,"result":{"id":366733950,"first_name":"my_wellness_bot","username":"my_wellness_bot"}}
1
Bot name:	my_wellness_bot
Bot username:	my_wellness_bot
No encoding supplied: defaulting to UTF-8.
{"ok":true,"result":{"id":366733950,"first_name":"my_wellness_bot","username":"my_wellness_bot"}}
1
Bot name:	my_wellness_bot
Bot username:	my_wellness_bot
No encoding supplied: defaulting to UTF-8.
{"ok":true,"result":{"id":366733950,"first_name":"my_wellness_bot","username":"my_wellness_bot"}}
1
Bot name:	my_wellness_bot
Bot username:	my_wellness_bot
No encoding supplied: defaulting to UTF-8.
{"ok":true,"result":{"id":366733950,"first_name":"my_wellness_bot","username":"my_wellness_bot"}}
1
Bot name:	my_wellness_bot
Bot username:	my_wellness_bot
No encoding supplied: defaulting to UTF-8.
{"ok":true,"result":{"id":366733950,"first_name":"my_wellness_bot","username":"my_wellness_bot"}}
1
Bot name:	my_wellness_bot
Bot username:	my_wellness_bot
No encoding supplied: defaulting to UTF-8.
{"ok":true,"result":{"id":366733950,"first_name":"my_wellness_bot","username":"my_wellness_bot"}}
1
Bot name:	my_wellness_bot
Bot username:	my_wellness_bot
No encoding supplied: defaulting to UTF-8.
{"ok":true,"result":{"id":366733950,"first_name":"my_wellness_bot","username":"my_wellness_bot"}}
1
Bot name:	my_wellness_bot
Bot username:	my_wellness_bot
No encoding supplied: defaulting to UTF-8.
{"ok":true,"result":{"id":366733950,"first_name":"my_wellness_bot","username":"my_wellness_bot"}}
1
Bot name:	my_wellness_bot
Bot username:	my_wellness_bot
No encoding supplied: defaulting to UTF-8.
{"ok":true,"result":{"id":366733950,"first_name":"my_wellness_bot","username":"my_wellness_bot"}}
1
Bot name:	my_wellness_bot
Bot username:	my_wellness_bot
No encoding supplied: defaulting to UTF-8.
{"ok":true,"result":{"id":366733950,"first_name":"my_wellness_bot","username":"my_wellness_bot"}}
1
Bot name:	my_wellness_bot
Bot username:	my_wellness_bot
No encoding supplied: defaulting to UTF-8.
{"ok":true,"result":{"id":366733950,"first_name":"my_wellness_bot","username":"my_wellness_bot"}}
1
Bot name:	my_wellness_bot
Bot username:	my_wellness_bot
No encoding supplied: defaulting to UTF-8.
{"ok":true,"result":{"id":366733950,"first_name":"my_wellness_bot","username":"my_wellness_bot"}}
1
Bot name:	my_wellness_bot
Bot username:	my_wellness_bot
No encoding supplied: defaulting to UTF-8.
{"ok":true,"result":{"id":366733950,"first_name":"my_wellness_bot","username":"my_wellness_bot"}}
1
Bot name:	my_wellness_bot
Bot username:	my_wellness_bot
No encoding supplied: defaulting to UTF-8.
{"ok":true,"result":{"id":366733950,"first_name":"my_wellness_bot","username":"my_wellness_bot"}}
1
Bot name:	my_wellness_bot
Bot username:	my_wellness_bot
No encoding supplied: defaulting to UTF-8.
{"ok":true,"result":{"id":366733950,"first_name":"my_wellness_bot","username":"my_wellness_bot"}}
1
Bot name:	my_wellness_bot
Bot username:	my_wellness_bot
No encoding supplied: defaulting to UTF-8.
{"ok":true,"result":{"id":366733950,"first_name":"my_wellness_bot","username":"my_wellness_bot"}}
1
Bot name:	my_wellness_bot
Bot username:	my_wellness_bot
No encoding supplied: defaulting to UTF-8.
{"ok":true,"result":{"id":366733950,"first_name":"my_wellness_bot","username":"my_wellness_bot"}}
1
Bot name:	my_wellness_bot
Bot username:	my_wellness_bot
No encoding supplied: defaulting to UTF-8.
{"ok":true,"result":{"id":366733950,"first_name":"my_wellness_bot","username":"my_wellness_bot"}}
1
Bot name:	my_wellness_bot
Bot username:	my_wellness_bot
No encoding supplied: defaulting to UTF-8.
{"ok":true,"result":{"id":366733950,"first_name":"my_wellness_bot","username":"my_wellness_bot"}}
1
Bot name:	my_wellness_bot
Bot username:	my_wellness_bot
No encoding supplied: defaulting to UTF-8.
{"ok":true,"result":{"id":366733950,"first_name":"my_wellness_bot","username":"my_wellness_bot"}}
1
Bot name:	my_wellness_bot
Bot username:	my_wellness_bot
No encoding supplied: defaulting to UTF-8.
{"ok":true,"result":{"id":366733950,"first_name":"my_wellness_bot","username":"my_wellness_bot"}}
1
Bot name:	my_wellness_bot
Bot username:	my_wellness_bot
No encoding supplied: defaulting to UTF-8.
{"ok":true,"result":{"id":366733950,"first_name":"my_wellness_bot","username":"my_wellness_bot"}}
1
Bot name:	my_wellness_bot
Bot username:	my_wellness_bot
No encoding supplied: defaulting to UTF-8.
{"ok":true,"result":{"id":366733950,"first_name":"my_wellness_bot","username":"my_wellness_bot"}}
1
Bot name:	my_wellness_bot
Bot username:	my_wellness_bot
No encoding supplied: defaulting to UTF-8.
{"ok":true,"result":{"id":366733950,"first_name":"my_wellness_bot","username":"my_wellness_bot"}}
1
Bot name:	my_wellness_bot
Bot username:	my_wellness_bot
No encoding supplied: defaulting to UTF-8.
{"ok":true,"result":{"id":366733950,"first_name":"my_wellness_bot","username":"my_wellness_bot"}}
1
Bot name:	my_wellness_bot
Bot username:	my_wellness_bot
No encoding supplied: defaulting to UTF-8.
{"ok":true,"result":{"id":366733950,"first_name":"my_wellness_bot","username":"my_wellness_bot"}}
1
Bot name:	my_wellness_bot
Bot username:	my_wellness_bot
No encoding supplied: defaulting to UTF-8.
{"ok":true,"result":{"id":366733950,"first_name":"my_wellness_bot","username":"my_wellness_bot"}}
1
Bot name:	my_wellness_bot
Bot username:	my_wellness_bot
No encoding supplied: defaulting to UTF-8.
{"ok":true,"result":{"id":366733950,"first_name":"my_wellness_bot","username":"my_wellness_bot"}}
1
Bot name:	my_wellness_bot
Bot username:	my_wellness_bot
No encoding supplied: defaulting to UTF-8.
{"ok":true,"result":{"id":366733950,"first_name":"my_wellness_bot","username":"my_wellness_bot"}}
